<?xml version="1.0" encoding="UTF-8"?>
<!-- Generated by org.testng.reporters.JUnitXMLReporter -->
<testsuite ignored="0" hostname="DESKTOP-0DMJR46" failures="0" tests="4" name="Surefire test" time="33.662" errors="0" timestamp="2025-04-03T15:16:11 EET">
  <testcase classname="com.opencart.tests.RegisterTest" name="testRegister" time="4.412"/>
  <testcase classname="RegisterTest" name="testRegister" time="4.365"/>
  <testcase classname="com.opencart.tests.LoginTest" name="testLogin" time="6.177"/>
  <testcase classname="LoginTest" name="testLogin" time="6.068"/>
</testsuite> <!-- Surefire test -->
