<?xml version="1.0" encoding="UTF-8"?>
<testng-results ignored="0" total="4" passed="4" failed="0" skipped="0">
  <reporter-output>
  </reporter-output>
  <suite started-at="2025-04-03T15:15:38 EET" name="Surefire suite" finished-at="2025-04-03T15:16:11 EET" duration-ms="33662">
    <groups>
    </groups>
    <test started-at="2025-04-03T15:15:38 EET" name="Surefire test" finished-at="2025-04-03T15:16:11 EET" duration-ms="33662">
      <class name="com.opencart.tests.LoginTest">
        <test-method is-config="true" signature="setUp()[pri:0, instance:com.opencart.tests.LoginTest@4b0b0854]" started-at="2025-04-03T15:15:57 EET" name="setUp" finished-at="2025-04-03T15:15:58 EET" duration-ms="922" status="PASS">
          <reporter-output>
          </reporter-output>
        </test-method> <!-- setUp -->
        <test-method signature="testLogin()[pri:0, instance:com.opencart.tests.LoginTest@4b0b0854]" started-at="2025-04-03T15:15:58 EET" name="testLogin" finished-at="2025-04-03T15:16:04 EET" depends-on-methods="com.opencart.tests.RegisterTest.testRegister" duration-ms="6177" status="PASS">
          <reporter-output>
          </reporter-output>
        </test-method> <!-- testLogin -->
        <test-method is-config="true" signature="tearDown()[pri:0, instance:com.opencart.tests.LoginTest@4b0b0854]" started-at="2025-04-03T15:16:04 EET" name="tearDown" finished-at="2025-04-03T15:16:04 EET" duration-ms="516" status="PASS">
          <reporter-output>
          </reporter-output>
        </test-method> <!-- tearDown -->
      </class> <!-- com.opencart.tests.LoginTest -->
      <class name="RegisterTest">
        <test-method is-config="true" signature="setUp()[pri:0, instance:RegisterTest@13e39c73]" started-at="2025-04-03T15:15:48 EET" name="setUp" finished-at="2025-04-03T15:15:52 EET" duration-ms="3726" status="PASS">
          <reporter-output>
          </reporter-output>
        </test-method> <!-- setUp -->
        <test-method signature="testRegister()[pri:0, instance:RegisterTest@13e39c73]" started-at="2025-04-03T15:15:52 EET" name="testRegister" finished-at="2025-04-03T15:15:56 EET" duration-ms="4365" status="PASS">
          <reporter-output>
          </reporter-output>
        </test-method> <!-- testRegister -->
        <test-method is-config="true" signature="tearDown()[pri:0, instance:RegisterTest@13e39c73]" started-at="2025-04-03T15:15:56 EET" name="tearDown" finished-at="2025-04-03T15:15:57 EET" duration-ms="480" status="PASS">
          <reporter-output>
          </reporter-output>
        </test-method> <!-- tearDown -->
      </class> <!-- RegisterTest -->
      <class name="LoginTest">
        <test-method is-config="true" signature="setUp()[pri:0, instance:LoginTest@a9cd3b1]" started-at="2025-04-03T15:16:04 EET" name="setUp" finished-at="2025-04-03T15:16:05 EET" duration-ms="684" status="PASS">
          <reporter-output>
          </reporter-output>
        </test-method> <!-- setUp -->
        <test-method signature="testLogin()[pri:0, instance:LoginTest@a9cd3b1]" started-at="2025-04-03T15:16:05 EET" name="testLogin" finished-at="2025-04-03T15:16:11 EET" depends-on-methods="com.opencart.tests.RegisterTest.testRegister" duration-ms="6068" status="PASS">
          <reporter-output>
          </reporter-output>
        </test-method> <!-- testLogin -->
        <test-method is-config="true" signature="tearDown()[pri:0, instance:LoginTest@a9cd3b1]" started-at="2025-04-03T15:16:11 EET" name="tearDown" finished-at="2025-04-03T15:16:11 EET" duration-ms="437" status="PASS">
          <reporter-output>
          </reporter-output>
        </test-method> <!-- tearDown -->
      </class> <!-- LoginTest -->
      <class name="com.opencart.tests.RegisterTest">
        <test-method is-config="true" signature="setUp()[pri:0, instance:com.opencart.tests.RegisterTest@57c758ac]" started-at="2025-04-03T15:15:38 EET" name="setUp" finished-at="2025-04-03T15:15:43 EET" duration-ms="5359" status="PASS">
          <reporter-output>
          </reporter-output>
        </test-method> <!-- setUp -->
        <test-method signature="testRegister()[pri:0, instance:com.opencart.tests.RegisterTest@57c758ac]" started-at="2025-04-03T15:15:43 EET" name="testRegister" finished-at="2025-04-03T15:15:48 EET" duration-ms="4412" status="PASS">
          <reporter-output>
          </reporter-output>
        </test-method> <!-- testRegister -->
        <test-method is-config="true" signature="tearDown()[pri:0, instance:com.opencart.tests.RegisterTest@57c758ac]" started-at="2025-04-03T15:15:48 EET" name="tearDown" finished-at="2025-04-03T15:15:48 EET" duration-ms="464" status="PASS">
          <reporter-output>
          </reporter-output>
        </test-method> <!-- tearDown -->
      </class> <!-- com.opencart.tests.RegisterTest -->
    </test> <!-- Surefire test -->
  </suite> <!-- Surefire suite -->
</testng-results>
